<?xml version="1.0" encoding="UTF-8"?>
<!-- Generated by org.testng.reporters.JUnitXMLReporter -->
<testsuite ignored="0" hostname="mitrah162" failures="0" tests="3" name="Default test" time="0.031" errors="0" timestamp="2022-11-16T11:42:50 IST">
  <testcase classname="projJavaPack.AutoTestNG" name="test1" time="0.006"/>
  <testcase classname="projJavaPack.AutoTestNG" name="test2" time="0.001"/>
  <testcase classname="projJavaPack.AutoTestNG" name="test3" time="0.001"/>
</testsuite> <!-- Default test -->
