<?xml version="1.0" encoding="UTF-8"?>
<testng-results ignored="0" total="3" passed="3" failed="0" skipped="0">
  <reporter-output>
  </reporter-output>
  <suite started-at="2022-11-16T11:42:50 IST" name="Default suite" finished-at="2022-11-16T11:42:50 IST" duration-ms="31">
    <groups>
    </groups>
    <test started-at="2022-11-16T11:42:50 IST" name="Default test" finished-at="2022-11-16T11:42:50 IST" duration-ms="31">
      <class name="projJavaPack.AutoTestNG">
        <test-method is-config="true" signature="beforesuite()[pri:0, instance:projJavaPack.AutoTestNG@71809907]" started-at="2022-11-16T11:42:50 IST" name="beforesuite" finished-at="2022-11-16T11:42:50 IST" duration-ms="5" status="PASS">
          <reporter-output>
          </reporter-output>
        </test-method> <!-- beforesuite -->
        <test-method is-config="true" signature="Beforeclass()[pri:0, instance:projJavaPack.AutoTestNG@71809907]" started-at="2022-11-16T11:42:50 IST" name="Beforeclass" finished-at="2022-11-16T11:42:50 IST" duration-ms="0" status="PASS">
          <reporter-output>
          </reporter-output>
        </test-method> <!-- Beforeclass -->
        <test-method is-config="true" signature="beforemethod()[pri:0, instance:projJavaPack.AutoTestNG@71809907]" started-at="2022-11-16T11:42:50 IST" name="beforemethod" finished-at="2022-11-16T11:42:50 IST" duration-ms="0" status="PASS">
          <reporter-output>
          </reporter-output>
        </test-method> <!-- beforemethod -->
        <test-method signature="test1()[pri:0, instance:projJavaPack.AutoTestNG@71809907]" started-at="2022-11-16T11:42:50 IST" name="test1" finished-at="2022-11-16T11:42:50 IST" duration-ms="6" status="PASS">
          <reporter-output>
          </reporter-output>
        </test-method> <!-- test1 -->
        <test-method is-config="true" signature="aftermethod()[pri:0, instance:projJavaPack.AutoTestNG@71809907]" started-at="2022-11-16T11:42:50 IST" name="aftermethod" finished-at="2022-11-16T11:42:50 IST" duration-ms="1" status="PASS">
          <reporter-output>
          </reporter-output>
        </test-method> <!-- aftermethod -->
        <test-method is-config="true" signature="beforemethod()[pri:0, instance:projJavaPack.AutoTestNG@71809907]" started-at="2022-11-16T11:42:50 IST" name="beforemethod" finished-at="2022-11-16T11:42:50 IST" duration-ms="0" status="PASS">
          <reporter-output>
          </reporter-output>
        </test-method> <!-- beforemethod -->
        <test-method signature="test2()[pri:0, instance:projJavaPack.AutoTestNG@71809907]" started-at="2022-11-16T11:42:50 IST" name="test2" finished-at="2022-11-16T11:42:50 IST" duration-ms="1" status="PASS">
          <reporter-output>
          </reporter-output>
        </test-method> <!-- test2 -->
        <test-method is-config="true" signature="aftermethod()[pri:0, instance:projJavaPack.AutoTestNG@71809907]" started-at="2022-11-16T11:42:50 IST" name="aftermethod" finished-at="2022-11-16T11:42:50 IST" duration-ms="1" status="PASS">
          <reporter-output>
          </reporter-output>
        </test-method> <!-- aftermethod -->
        <test-method is-config="true" signature="beforemethod()[pri:0, instance:projJavaPack.AutoTestNG@71809907]" started-at="2022-11-16T11:42:50 IST" name="beforemethod" finished-at="2022-11-16T11:42:50 IST" duration-ms="0" status="PASS">
          <reporter-output>
          </reporter-output>
        </test-method> <!-- beforemethod -->
        <test-method signature="test3()[pri:0, instance:projJavaPack.AutoTestNG@71809907]" started-at="2022-11-16T11:42:50 IST" name="test3" finished-at="2022-11-16T11:42:50 IST" duration-ms="1" status="PASS">
          <reporter-output>
          </reporter-output>
        </test-method> <!-- test3 -->
        <test-method is-config="true" signature="aftermethod()[pri:0, instance:projJavaPack.AutoTestNG@71809907]" started-at="2022-11-16T11:42:50 IST" name="aftermethod" finished-at="2022-11-16T11:42:50 IST" duration-ms="0" status="PASS">
          <reporter-output>
          </reporter-output>
        </test-method> <!-- aftermethod -->
        <test-method is-config="true" signature="AfterClass()[pri:0, instance:projJavaPack.AutoTestNG@71809907]" started-at="2022-11-16T11:42:50 IST" name="AfterClass" finished-at="2022-11-16T11:42:50 IST" duration-ms="0" status="PASS">
          <reporter-output>
          </reporter-output>
        </test-method> <!-- AfterClass -->
        <test-method is-config="true" signature="aftersuite()[pri:0, instance:projJavaPack.AutoTestNG@71809907]" started-at="2022-11-16T11:42:50 IST" name="aftersuite" finished-at="2022-11-16T11:42:50 IST" duration-ms="1" status="PASS">
          <reporter-output>
          </reporter-output>
        </test-method> <!-- aftersuite -->
      </class> <!-- projJavaPack.AutoTestNG -->
    </test> <!-- Default test -->
  </suite> <!-- Default suite -->
</testng-results>
